mode: atomic
github.com/ushanovsn/golanglogger/golanglogger.go:66.51,81.2 8 0
github.com/ushanovsn/golanglogger/golanglogger.go:84.28,91.33 3 0
github.com/ushanovsn/golanglogger/golanglogger.go:91.33,94.3 1 0
github.com/ushanovsn/golanglogger/golanglogger.go:97.2,106.16 5 0
github.com/ushanovsn/golanglogger/golanglogger.go:106.16,108.3 1 0
github.com/ushanovsn/golanglogger/golanglogger.go:112.30,120.30 4 0
github.com/ushanovsn/golanglogger/golanglogger.go:120.30,122.17 2 0
github.com/ushanovsn/golanglogger/golanglogger.go:122.17,124.4 1 0
github.com/ushanovsn/golanglogger/golanglogger.go:127.2,128.21 2 0
github.com/ushanovsn/golanglogger/golanglogger.go:132.45,138.2 5 0
github.com/ushanovsn/golanglogger/golanglogger.go:141.45,142.52 1 0
github.com/ushanovsn/golanglogger/golanglogger.go:142.52,145.3 2 0
github.com/ushanovsn/golanglogger/golanglogger.go:147.2,160.65 7 0
github.com/ushanovsn/golanglogger/golanglogger.go:164.58,165.16 1 0
github.com/ushanovsn/golanglogger/golanglogger.go:165.16,168.3 2 0
github.com/ushanovsn/golanglogger/golanglogger.go:169.2,169.17 1 0
github.com/ushanovsn/golanglogger/golanglogger.go:169.17,172.3 2 0
github.com/ushanovsn/golanglogger/golanglogger.go:174.2,180.40 6 0
github.com/ushanovsn/golanglogger/golanglogger.go:184.58,186.21 1 0
github.com/ushanovsn/golanglogger/golanglogger.go:186.21,189.3 2 0
github.com/ushanovsn/golanglogger/golanglogger.go:191.2,199.13 7 0
github.com/ushanovsn/golanglogger/golanglogger.go:203.54,205.2 1 0
github.com/ushanovsn/golanglogger/golanglogger.go:208.49,210.2 1 0
github.com/ushanovsn/golanglogger/golanglogger.go:213.41,215.59 1 0
github.com/ushanovsn/golanglogger/golanglogger.go:215.59,217.3 1 0
github.com/ushanovsn/golanglogger/golanglogger.go:221.40,223.58 1 0
github.com/ushanovsn/golanglogger/golanglogger.go:223.58,225.3 1 0
github.com/ushanovsn/golanglogger/golanglogger.go:229.43,231.61 1 0
github.com/ushanovsn/golanglogger/golanglogger.go:231.61,233.3 1 0
github.com/ushanovsn/golanglogger/golanglogger.go:237.41,239.59 1 0
github.com/ushanovsn/golanglogger/golanglogger.go:239.59,241.3 1 0
github.com/ushanovsn/golanglogger/golanglogger.go:245.36,246.17 1 0
github.com/ushanovsn/golanglogger/golanglogger.go:246.17,248.3 1 0
github.com/ushanovsn/golanglogger/golanglogger.go:253.61,254.17 1 0
github.com/ushanovsn/golanglogger/golanglogger.go:254.17,257.3 2 0
github.com/ushanovsn/golanglogger/golanglogger.go:262.24,284.6 10 0
github.com/ushanovsn/golanglogger/golanglogger.go:284.6,297.52 6 0
github.com/ushanovsn/golanglogger/golanglogger.go:297.52,305.4 4 0
github.com/ushanovsn/golanglogger/golanglogger.go:308.3,308.23 1 0
github.com/ushanovsn/golanglogger/golanglogger.go:308.23,310.18 2 0
github.com/ushanovsn/golanglogger/golanglogger.go:310.18,314.13 3 0
github.com/ushanovsn/golanglogger/golanglogger.go:316.4,316.19 1 0
github.com/ushanovsn/golanglogger/golanglogger.go:319.3,319.25 1 0
github.com/ushanovsn/golanglogger/golanglogger.go:319.25,321.18 2 0
github.com/ushanovsn/golanglogger/golanglogger.go:321.18,325.13 3 0
github.com/ushanovsn/golanglogger/golanglogger.go:327.4,327.21 1 0
github.com/ushanovsn/golanglogger/golanglogger.go:331.3,331.30 1 0
github.com/ushanovsn/golanglogger/golanglogger.go:331.30,334.27 1 0
github.com/ushanovsn/golanglogger/golanglogger.go:334.27,336.54 1 0
github.com/ushanovsn/golanglogger/golanglogger.go:336.54,338.43 1 0
github.com/ushanovsn/golanglogger/golanglogger.go:338.43,342.21 2 0
github.com/ushanovsn/golanglogger/golanglogger.go:342.21,349.13 4 0
github.com/ushanovsn/golanglogger/golanglogger.go:353.7,353.18 1 0
github.com/ushanovsn/golanglogger/golanglogger.go:353.18,356.13 3 0
github.com/ushanovsn/golanglogger/golanglogger.go:362.5,363.19 2 0
github.com/ushanovsn/golanglogger/golanglogger.go:363.19,370.11 4 0
github.com/ushanovsn/golanglogger/golanglogger.go:374.5,374.53 1 0
github.com/ushanovsn/golanglogger/golanglogger.go:374.53,376.20 2 0
github.com/ushanovsn/golanglogger/golanglogger.go:376.20,380.12 3 0
github.com/ushanovsn/golanglogger/golanglogger.go:384.6,384.31 1 0
github.com/ushanovsn/golanglogger/golanglogger.go:384.31,386.12 2 0
github.com/ushanovsn/golanglogger/golanglogger.go:389.10,389.33 1 0
github.com/ushanovsn/golanglogger/golanglogger.go:389.33,391.13 1 0
github.com/ushanovsn/golanglogger/golanglogger.go:392.10,395.10 2 0
github.com/ushanovsn/golanglogger/golanglogger.go:400.3,400.21 1 0
github.com/ushanovsn/golanglogger/golanglogger.go:400.21,402.4 1 0
github.com/ushanovsn/golanglogger/golanglogger.go:405.3,405.14 1 0
github.com/ushanovsn/golanglogger/golanglogger.go:406.22,410.18 3 0
github.com/ushanovsn/golanglogger/golanglogger.go:410.18,412.5 1 0
github.com/ushanovsn/golanglogger/golanglogger.go:412.10,417.5 3 0
github.com/ushanovsn/golanglogger/golanglogger.go:419.22,419.22 0 0
github.com/ushanovsn/golanglogger/golanglogger.go:422.16,431.31 5 0
github.com/ushanovsn/golanglogger/golanglogger.go:431.31,433.28 1 0
github.com/ushanovsn/golanglogger/golanglogger.go:433.28,436.6 1 0
github.com/ushanovsn/golanglogger/golanglogger.go:439.4,440.10 2 0
github.com/ushanovsn/golanglogger/golanglogger.go:444.3,444.25 1 0
github.com/ushanovsn/golanglogger/golanglogger.go:444.25,446.4 1 0
github.com/ushanovsn/golanglogger/golanglogger.go:451.69,466.6 7 0
github.com/ushanovsn/golanglogger/golanglogger.go:466.6,471.17 2 0
github.com/ushanovsn/golanglogger/golanglogger.go:471.17,474.4 2 0
github.com/ushanovsn/golanglogger/golanglogger.go:477.3,477.14 1 0
github.com/ushanovsn/golanglogger/golanglogger.go:477.14,484.12 4 0
github.com/ushanovsn/golanglogger/golanglogger.go:484.12,485.12 1 0
github.com/ushanovsn/golanglogger/golanglogger.go:486.20,488.12 2 0
github.com/ushanovsn/golanglogger/golanglogger.go:489.13,490.40 1 0
github.com/ushanovsn/golanglogger/golanglogger.go:493.4,493.10 1 0
github.com/ushanovsn/golanglogger/golanglogger.go:497.3,497.10 1 0
github.com/ushanovsn/golanglogger/golanglogger.go:498.18,500.10 2 0
github.com/ushanovsn/golanglogger/golanglogger.go:501.61,501.61 0 0
github.com/ushanovsn/golanglogger/golanglogger.go:512.80,517.16 2 0
github.com/ushanovsn/golanglogger/golanglogger.go:517.16,519.3 1 0
github.com/ushanovsn/golanglogger/golanglogger.go:522.2,525.62 2 0
github.com/ushanovsn/golanglogger/golanglogger.go:525.62,527.3 1 0
github.com/ushanovsn/golanglogger/golanglogger.go:527.8,529.3 1 0
github.com/ushanovsn/golanglogger/golanglogger.go:535.71,540.13 2 0
github.com/ushanovsn/golanglogger/golanglogger.go:540.13,542.3 1 0
github.com/ushanovsn/golanglogger/golanglogger.go:545.2,545.13 1 0
github.com/ushanovsn/golanglogger/golanglogger.go:545.13,546.20 1 0
github.com/ushanovsn/golanglogger/golanglogger.go:546.20,548.4 1 0
github.com/ushanovsn/golanglogger/golanglogger.go:548.9,550.4 1 0
github.com/ushanovsn/golanglogger/golanglogger.go:554.2,554.20 1 0
github.com/ushanovsn/golanglogger/golanglogger.go:554.20,555.20 1 0
github.com/ushanovsn/golanglogger/golanglogger.go:555.20,557.4 1 0
github.com/ushanovsn/golanglogger/golanglogger.go:557.9,559.4 1 0
github.com/ushanovsn/golanglogger/golanglogger.go:562.2,562.15 1 0
github.com/ushanovsn/golanglogger/initials.go:20.31,22.2 1 0
github.com/ushanovsn/golanglogger/log_linux.go:11.51,14.16 2 0
github.com/ushanovsn/golanglogger/log_linux.go:14.16,16.3 1 0
github.com/ushanovsn/golanglogger/log_linux.go:19.2,20.38 2 0
github.com/ushanovsn/golanglogger/logfile.go:9.46,11.16 2 0
github.com/ushanovsn/golanglogger/logfile.go:11.16,13.3 1 0
github.com/ushanovsn/golanglogger/logfile.go:13.8,15.3 1 0
github.com/ushanovsn/golanglogger/logfile.go:19.88,23.16 2 0
github.com/ushanovsn/golanglogger/logfile.go:23.16,25.3 1 0
github.com/ushanovsn/golanglogger/logfile.go:27.2,27.17 1 0
github.com/ushanovsn/golanglogger/logfile.go:27.17,32.17 4 0
github.com/ushanovsn/golanglogger/logfile.go:32.17,34.4 1 0
github.com/ushanovsn/golanglogger/logfile.go:38.2,39.16 2 0
github.com/ushanovsn/golanglogger/logfile.go:39.16,41.3 1 0
github.com/ushanovsn/golanglogger/logfile.go:43.2,43.21 1 0
github.com/ushanovsn/golanglogger/logfile.go:47.49,49.16 2 0
github.com/ushanovsn/golanglogger/logfile.go:49.16,51.3 1 0
github.com/ushanovsn/golanglogger/logfile.go:53.2,53.21 1 0
github.com/ushanovsn/golanglogger/loglevels.go:20.56,21.140 1 1
github.com/ushanovsn/golanglogger/loglevels.go:21.140,23.3 1 1
github.com/ushanovsn/golanglogger/loglevels.go:24.2,24.63 1 0
github.com/ushanovsn/golanglogger/loglevels.go:28.37,30.2 1 0
